INFO - 2023-03-20 13:58:17 --> Session: Class initialized using 'CodeIgniter\Session\Handlers\FileHandler' driver.
INFO - 2023-03-20 13:58:32 --> Session: Class initialized using 'CodeIgniter\Session\Handlers\FileHandler' driver.
INFO - 2023-03-20 13:58:36 --> Session: Class initialized using 'CodeIgniter\Session\Handlers\FileHandler' driver.
INFO - 2023-03-20 13:58:47 --> Session: Class initialized using 'CodeIgniter\Session\Handlers\FileHandler' driver.
INFO - 2023-03-20 13:58:50 --> Session: Class initialized using 'CodeIgniter\Session\Handlers\FileHandler' driver.
INFO - 2023-03-20 13:59:02 --> Session: Class initialized using 'CodeIgniter\Session\Handlers\FileHandler' driver.
INFO - 2023-03-20 13:59:03 --> Session: Class initialized using 'CodeIgniter\Session\Handlers\FileHandler' driver.
INFO - 2023-03-20 13:59:24 --> Session: Class initialized using 'CodeIgniter\Session\Handlers\FileHandler' driver.
INFO - 2023-03-20 13:59:26 --> Session: Class initialized using 'CodeIgniter\Session\Handlers\FileHandler' driver.
INFO - 2023-03-20 14:00:37 --> Session: Class initialized using 'CodeIgniter\Session\Handlers\FileHandler' driver.
CRITICAL - 2023-03-20 14:00:37 --> Call to undefined function date_range()
in APPPATH\Views\list\attendance.php on line 165.
 1 SYSTEMPATH\View\View.php(213): include()
 2 SYSTEMPATH\View\View.php(216): CodeIgniter\View\View->CodeIgniter\View\{closure}()
 3 SYSTEMPATH\Common.php(1177): CodeIgniter\View\View->render('list/attendance', [], true)
 4 APPPATH\Controllers\Attendance.php(49): view('list/attendance', [...])
 5 SYSTEMPATH\CodeIgniter.php(934): App\Controllers\Attendance->index()
 6 SYSTEMPATH\CodeIgniter.php(499): CodeIgniter\CodeIgniter->runController(Object(App\Controllers\Attendance))
 7 SYSTEMPATH\CodeIgniter.php(368): CodeIgniter\CodeIgniter->handleRequest(null, Object(Config\Cache), false)
 8 FCPATH\index.php(67): CodeIgniter\CodeIgniter->run()
INFO - 2023-03-20 14:00:46 --> Session: Class initialized using 'CodeIgniter\Session\Handlers\FileHandler' driver.
INFO - 2023-03-20 14:07:20 --> Session: Class initialized using 'CodeIgniter\Session\Handlers\FileHandler' driver.
INFO - 2023-03-20 14:07:47 --> Session: Class initialized using 'CodeIgniter\Session\Handlers\FileHandler' driver.
INFO - 2023-03-20 14:07:53 --> Session: Class initialized using 'CodeIgniter\Session\Handlers\FileHandler' driver.
INFO - 2023-03-20 14:10:49 --> Session: Class initialized using 'CodeIgniter\Session\Handlers\FileHandler' driver.
INFO - 2023-03-20 14:11:02 --> Session: Class initialized using 'CodeIgniter\Session\Handlers\FileHandler' driver.
INFO - 2023-03-20 14:11:04 --> Session: Class initialized using 'CodeIgniter\Session\Handlers\FileHandler' driver.
INFO - 2023-03-20 14:11:05 --> Session: Class initialized using 'CodeIgniter\Session\Handlers\FileHandler' driver.
INFO - 2023-03-20 14:11:09 --> Session: Class initialized using 'CodeIgniter\Session\Handlers\FileHandler' driver.
INFO - 2023-03-20 14:11:12 --> Session: Class initialized using 'CodeIgniter\Session\Handlers\FileHandler' driver.
INFO - 2023-03-20 15:13:03 --> Session: Class initialized using 'CodeIgniter\Session\Handlers\FileHandler' driver.
CRITICAL - 2023-03-20 15:20:21 --> Class 'CI_Controller' not found
in APPPATH\Controllers\Uniform.php on line 14.
 1 SYSTEMPATH\Autoloader\Autoloader.php(312): include_once()
 2 SYSTEMPATH\Autoloader\Autoloader.php(289): CodeIgniter\Autoloader\Autoloader->includeFile('APPPATH\\Controllers\\Uniform.php')
 3 SYSTEMPATH\Autoloader\Autoloader.php(267): CodeIgniter\Autoloader\Autoloader->loadInNamespace('App\\Controllers\\Uniform')
 4 [internal function]: CodeIgniter\Autoloader\Autoloader->loadClass('App\\Controllers\\Uniform')
 5 [internal function]: spl_autoload_call('App\\Controllers\\Uniform')
 6 SYSTEMPATH\CodeIgniter.php(892): class_exists('\\App\\Controllers\\Uniform', true)
 7 SYSTEMPATH\CodeIgniter.php(486): CodeIgniter\CodeIgniter->startController()
 8 SYSTEMPATH\CodeIgniter.php(368): CodeIgniter\CodeIgniter->handleRequest(null, Object(Config\Cache), false)
 9 FCPATH\index.php(67): CodeIgniter\CodeIgniter->run()
CRITICAL - 2023-03-20 15:20:30 --> Class 'CI_Controller' not found
in APPPATH\Controllers\Settings.php on line 14.
 1 SYSTEMPATH\Autoloader\Autoloader.php(312): include_once()
 2 SYSTEMPATH\Autoloader\Autoloader.php(289): CodeIgniter\Autoloader\Autoloader->includeFile('APPPATH\\Controllers\\Settings.php')
 3 SYSTEMPATH\Autoloader\Autoloader.php(267): CodeIgniter\Autoloader\Autoloader->loadInNamespace('App\\Controllers\\Settings')
 4 [internal function]: CodeIgniter\Autoloader\Autoloader->loadClass('App\\Controllers\\Settings')
 5 [internal function]: spl_autoload_call('App\\Controllers\\Settings')
 6 SYSTEMPATH\CodeIgniter.php(892): class_exists('\\App\\Controllers\\Settings', true)
 7 SYSTEMPATH\CodeIgniter.php(486): CodeIgniter\CodeIgniter->startController()
 8 SYSTEMPATH\CodeIgniter.php(368): CodeIgniter\CodeIgniter->handleRequest(null, Object(Config\Cache), false)
 9 FCPATH\index.php(67): CodeIgniter\CodeIgniter->run()
CRITICAL - 2023-03-20 15:20:37 --> Class 'CI_Controller' not found
in APPPATH\Controllers\Reports.php on line 14.
 1 SYSTEMPATH\Autoloader\Autoloader.php(312): include_once()
 2 SYSTEMPATH\Autoloader\Autoloader.php(289): CodeIgniter\Autoloader\Autoloader->includeFile('APPPATH\\Controllers\\Reports.php')
 3 SYSTEMPATH\Autoloader\Autoloader.php(267): CodeIgniter\Autoloader\Autoloader->loadInNamespace('App\\Controllers\\Reports')
 4 [internal function]: CodeIgniter\Autoloader\Autoloader->loadClass('App\\Controllers\\Reports')
 5 [internal function]: spl_autoload_call('App\\Controllers\\Reports')
 6 SYSTEMPATH\CodeIgniter.php(892): class_exists('\\App\\Controllers\\Reports', true)
 7 SYSTEMPATH\CodeIgniter.php(486): CodeIgniter\CodeIgniter->startController()
 8 SYSTEMPATH\CodeIgniter.php(368): CodeIgniter\CodeIgniter->handleRequest(null, Object(Config\Cache), false)
 9 FCPATH\index.php(67): CodeIgniter\CodeIgniter->run()
CRITICAL - 2023-03-20 15:20:44 --> Class 'CI_Controller' not found
in APPPATH\Controllers\user.php on line 9.
 1 SYSTEMPATH\Autoloader\Autoloader.php(312): include_once()
 2 SYSTEMPATH\Autoloader\Autoloader.php(289): CodeIgniter\Autoloader\Autoloader->includeFile('APPPATH\\Controllers\\user.php')
 3 SYSTEMPATH\Autoloader\Autoloader.php(267): CodeIgniter\Autoloader\Autoloader->loadInNamespace('App\\Controllers\\User')
 4 [internal function]: CodeIgniter\Autoloader\Autoloader->loadClass('App\\Controllers\\User')
 5 [internal function]: spl_autoload_call('App\\Controllers\\User')
 6 SYSTEMPATH\CodeIgniter.php(892): class_exists('\\App\\Controllers\\User', true)
 7 SYSTEMPATH\CodeIgniter.php(486): CodeIgniter\CodeIgniter->startController()
 8 SYSTEMPATH\CodeIgniter.php(368): CodeIgniter\CodeIgniter->handleRequest(null, Object(Config\Cache), false)
 9 FCPATH\index.php(67): CodeIgniter\CodeIgniter->run()
CRITICAL - 2023-03-20 15:20:51 --> Class 'CI_Controller' not found
in APPPATH\Controllers\Uniform.php on line 14.
 1 SYSTEMPATH\Autoloader\Autoloader.php(312): include_once()
 2 SYSTEMPATH\Autoloader\Autoloader.php(289): CodeIgniter\Autoloader\Autoloader->includeFile('APPPATH\\Controllers\\Uniform.php')
 3 SYSTEMPATH\Autoloader\Autoloader.php(267): CodeIgniter\Autoloader\Autoloader->loadInNamespace('App\\Controllers\\Uniform')
 4 [internal function]: CodeIgniter\Autoloader\Autoloader->loadClass('App\\Controllers\\Uniform')
 5 [internal function]: spl_autoload_call('App\\Controllers\\Uniform')
 6 SYSTEMPATH\CodeIgniter.php(892): class_exists('\\App\\Controllers\\Uniform', true)
 7 SYSTEMPATH\CodeIgniter.php(486): CodeIgniter\CodeIgniter->startController()
 8 SYSTEMPATH\CodeIgniter.php(368): CodeIgniter\CodeIgniter->handleRequest(null, Object(Config\Cache), false)
 9 FCPATH\index.php(67): CodeIgniter\CodeIgniter->run()
INFO - 2023-03-20 15:20:59 --> Session: Class initialized using 'CodeIgniter\Session\Handlers\FileHandler' driver.
CRITICAL - 2023-03-20 15:20:59 --> Call to undefined function date_range()
in APPPATH\Views\list\attendance.php on line 165.
 1 SYSTEMPATH\View\View.php(213): include()
 2 SYSTEMPATH\View\View.php(216): CodeIgniter\View\View->CodeIgniter\View\{closure}()
 3 SYSTEMPATH\Common.php(1177): CodeIgniter\View\View->render('list/attendance', [], true)
 4 APPPATH\Controllers\Attendance.php(49): view('list/attendance', [...])
 5 SYSTEMPATH\CodeIgniter.php(934): App\Controllers\Attendance->index()
 6 SYSTEMPATH\CodeIgniter.php(499): CodeIgniter\CodeIgniter->runController(Object(App\Controllers\Attendance))
 7 SYSTEMPATH\CodeIgniter.php(368): CodeIgniter\CodeIgniter->handleRequest(null, Object(Config\Cache), false)
 8 FCPATH\index.php(67): CodeIgniter\CodeIgniter->run()
INFO - 2023-03-20 15:21:05 --> Session: Class initialized using 'CodeIgniter\Session\Handlers\FileHandler' driver.
INFO - 2023-03-20 15:21:34 --> Session: Class initialized using 'CodeIgniter\Session\Handlers\FileHandler' driver.
INFO - 2023-03-20 15:21:40 --> Session: Class initialized using 'CodeIgniter\Session\Handlers\FileHandler' driver.
ERROR - 2023-03-20 20:51:41 --> mysqli_sql_exception: Table 'db_sec_app.tbl_client' doesn't exist in C:\wamp64\www\manage-app\system\Database\MySQLi\Connection.php:295
Stack trace:
#0 C:\wamp64\www\manage-app\system\Database\MySQLi\Connection.php(295): mysqli->query('SELECT `first_n...', 0)
#1 C:\wamp64\www\manage-app\system\Database\BaseConnection.php(691): CodeIgniter\Database\MySQLi\Connection->execute('SELECT `first_n...')
#2 C:\wamp64\www\manage-app\system\Database\BaseConnection.php(605): CodeIgniter\Database\BaseConnection->simpleQuery('SELECT `first_n...')
#3 C:\wamp64\www\manage-app\system\Database\BaseBuilder.php(1602): CodeIgniter\Database\BaseConnection->query('SELECT `first_n...', Array, false)
#4 C:\wamp64\www\manage-app\app\Models\Payroll_model.php(46): CodeIgniter\Database\BaseBuilder->get()
#5 C:\wamp64\www\manage-app\app\Controllers\Payroll.php(41): App\Models\Payroll_model->get_all_lists()
#6 C:\wamp64\www\manage-app\system\CodeIgniter.php(934): App\Controllers\Payroll->index()
#7 C:\wamp64\www\manage-app\system\CodeIgniter.php(499): CodeIgniter\CodeIgniter->runController(Object(App\Controllers\Payroll))
#8 C:\wamp64\www\manage-app\system\CodeIgniter.php(368): CodeIgniter\CodeIgniter->handleRequest(NULL, Object(Config\Cache), false)
#9 C:\wamp64\www\manage-app\index.php(67): CodeIgniter\CodeIgniter->run()
#10 {main}
CRITICAL - 2023-03-20 20:51:41 --> Table 'db_sec_app.tbl_client' doesn't exist
in SYSTEMPATH\Database\BaseConnection.php on line 645.
 1 SYSTEMPATH\Database\BaseBuilder.php(1602): CodeIgniter\Database\BaseConnection->query('SELECT `first_name`, `last_name`, `name`, `salary`, GROUP_CONCAT(if(DAY(`Date`) = 1, `shift`, NULL)) AS day1, GROUP_CONCAT(if(DAY(`Date`) = 2, `shift`, NULL)) AS day2, GROUP_CONCAT(if(DAY(`Date`) = 3, `shift`, NULL)) AS day3, GROUP_CONCAT(if(DAY(`Date`) = 4, `shift`, NULL)) AS day4, GROUP_CONCAT(if(DAY(`Date`) = 5, `shift`, NULL)) AS day5, GROUP_CONCAT(if(DAY(`Date`) = 6, `shift`, NULL)) AS day6, GROUP_CONCAT(if(DAY(`Date`) = 7, `shift`, NULL)) AS day7, GROUP_CONCAT(if(DAY(`Date`) = 8, `shift`, NULL)) AS day8, GROUP_CONCAT(if(DAY(`Date`) = 9, `shift`, NULL)) AS day9, GROUP_CONCAT(if(DAY(`Date`) = 10, `shift`, NULL)) AS day10, GROUP_CONCAT(if(DAY(`Date`) = 11, `shift`, NULL)) AS day11, GROUP_CONCAT(if(DAY(`Date`) = 12, `shift`, NULL)) AS day12, GROUP_CONCAT(if(DAY(`Date`) = 13, `shift`, NULL)) AS day13, GROUP_CONCAT(if(DAY(`Date`) = 14, `shift`, NULL)) AS day14, GROUP_CONCAT(if(DAY(`Date`) = 15, `shift`, NULL)) AS day15, GROUP_CONCAT(if(DAY(`Date`) = 16, `shift`, NULL)) AS day16, GROUP_CONCAT(if(DAY(`Date`) = 17, `shift`, NULL)) AS day17, GROUP_CONCAT(if(DAY(`Date`) = 18, `shift`, NULL)) AS day18, GROUP_CONCAT(if(DAY(`Date`) = 19, `shift`, NULL)) AS day19, GROUP_CONCAT(if(DAY(`Date`) = 20, `shift`, NULL)) AS day20, GROUP_CONCAT(if(DAY(`Date`) = 21, `shift`, NULL)) AS day21, GROUP_CONCAT(if(DAY(`Date`) = 22, `shift`, NULL)) AS day22, GROUP_CONCAT(if(DAY(`Date`) = 23, `shift`, NULL)) AS day23, GROUP_CONCAT(if(DAY(`Date`) = 24, `shift`, NULL)) AS day24, GROUP_CONCAT(if(DAY(`Date`) = 25, `shift`, NULL)) AS day25, GROUP_CONCAT(if(DAY(`Date`) = 26, `shift`, NULL)) AS day26, GROUP_CONCAT(if(DAY(`Date`) = 27, `shift`, NULL)) AS day27, GROUP_CONCAT(if(DAY(`Date`) = 28, `shift`, NULL)) AS day28, GROUP_CONCAT(if(DAY(`Date`) = 29, `shift`, NULL)) AS day29, GROUP_CONCAT(if(DAY(`Date`) = 30, `shift`, NULL)) AS day30, GROUP_CONCAT(if(DAY(`Date`) = 31, `shift`, NULL)) AS day31
FROM `emp_attendance`
JOIN `employee` ON `employee`.`id` = `employee_attendence`.`empid`
JOIN `tbl_client` ON `tbl_client`.`id`=`employee_attendence`.`client_id`
JOIN `employee_map_client` ON `employee_map_client`.`empid` = `employee_attendence`.`empid`
WHERE MONTH(Date) = :MONTH(Date):
GROUP BY `employee_attendence`.`empid`', [...], false)
 2 APPPATH\Models\Payroll_model.php(46): CodeIgniter\Database\BaseBuilder->get()
 3 APPPATH\Controllers\Payroll.php(41): App\Models\Payroll_model->get_all_lists()
 4 SYSTEMPATH\CodeIgniter.php(934): App\Controllers\Payroll->index()
 5 SYSTEMPATH\CodeIgniter.php(499): CodeIgniter\CodeIgniter->runController(Object(App\Controllers\Payroll))
 6 SYSTEMPATH\CodeIgniter.php(368): CodeIgniter\CodeIgniter->handleRequest(null, Object(Config\Cache), false)
 7 FCPATH\index.php(67): CodeIgniter\CodeIgniter->run()
INFO - 2023-03-20 15:21:45 --> Session: Class initialized using 'CodeIgniter\Session\Handlers\FileHandler' driver.
INFO - 2023-03-20 15:21:55 --> Session: Class initialized using 'CodeIgniter\Session\Handlers\FileHandler' driver.
INFO - 2023-03-20 15:28:42 --> Session: Class initialized using 'CodeIgniter\Session\Handlers\FileHandler' driver.
