INFO - 2023-08-15 05:43:03 --> Session: Class initialized using 'CodeIgniter\Session\Handlers\FileHandler' driver.
INFO - 2023-08-15 05:43:03 --> Session: Class initialized using 'CodeIgniter\Session\Handlers\FileHandler' driver.
INFO - 2023-08-15 05:43:09 --> Session: Class initialized using 'CodeIgniter\Session\Handlers\FileHandler' driver.
INFO - 2023-08-15 05:43:11 --> Session: Class initialized using 'CodeIgniter\Session\Handlers\FileHandler' driver.
INFO - 2023-08-15 05:55:28 --> Session: Class initialized using 'CodeIgniter\Session\Handlers\FileHandler' driver.
INFO - 2023-08-15 05:55:44 --> Session: Class initialized using 'CodeIgniter\Session\Handlers\FileHandler' driver.
INFO - 2023-08-15 05:55:49 --> Session: Class initialized using 'CodeIgniter\Session\Handlers\FileHandler' driver.
INFO - 2023-08-15 05:55:50 --> Session: Class initialized using 'CodeIgniter\Session\Handlers\FileHandler' driver.
INFO - 2023-08-15 05:56:40 --> Session: Class initialized using 'CodeIgniter\Session\Handlers\FileHandler' driver.
INFO - 2023-08-15 05:57:04 --> Session: Class initialized using 'CodeIgniter\Session\Handlers\FileHandler' driver.
INFO - 2023-08-15 06:04:16 --> Session: Class initialized using 'CodeIgniter\Session\Handlers\FileHandler' driver.
CRITICAL - 2023-08-15 06:18:59 --> Cannot use isset() on the result of an expression (you can use "null !== expression" instead)
in APPPATH\Controllers\Home.php on line 31.
 1 [internal function]: CodeIgniter\Debug\Exceptions->shutdownHandler()
INFO - 2023-08-15 06:20:16 --> Session: Class initialized using 'CodeIgniter\Session\Handlers\FileHandler' driver.
INFO - 2023-08-15 06:21:17 --> Session: Class initialized using 'CodeIgniter\Session\Handlers\FileHandler' driver.
INFO - 2023-08-15 06:21:25 --> Session: Class initialized using 'CodeIgniter\Session\Handlers\FileHandler' driver.
INFO - 2023-08-15 06:21:54 --> Session: Class initialized using 'CodeIgniter\Session\Handlers\FileHandler' driver.
INFO - 2023-08-15 06:21:57 --> Session: Class initialized using 'CodeIgniter\Session\Handlers\FileHandler' driver.
INFO - 2023-08-15 06:22:04 --> Session: Class initialized using 'CodeIgniter\Session\Handlers\FileHandler' driver.
INFO - 2023-08-15 06:22:05 --> Session: Class initialized using 'CodeIgniter\Session\Handlers\FileHandler' driver.
INFO - 2023-08-15 06:23:20 --> Session: Class initialized using 'CodeIgniter\Session\Handlers\FileHandler' driver.
INFO - 2023-08-15 06:24:39 --> Session: Class initialized using 'CodeIgniter\Session\Handlers\FileHandler' driver.
INFO - 2023-08-15 06:25:06 --> Session: Class initialized using 'CodeIgniter\Session\Handlers\FileHandler' driver.
INFO - 2023-08-15 06:43:52 --> Session: Class initialized using 'CodeIgniter\Session\Handlers\FileHandler' driver.
INFO - 2023-08-15 06:44:14 --> Session: Class initialized using 'CodeIgniter\Session\Handlers\FileHandler' driver.
INFO - 2023-08-15 06:44:15 --> Session: Class initialized using 'CodeIgniter\Session\Handlers\FileHandler' driver.
INFO - 2023-08-15 06:44:26 --> Session: Class initialized using 'CodeIgniter\Session\Handlers\FileHandler' driver.
INFO - 2023-08-15 06:44:27 --> Session: Class initialized using 'CodeIgniter\Session\Handlers\FileHandler' driver.
INFO - 2023-08-15 06:45:23 --> Session: Class initialized using 'CodeIgniter\Session\Handlers\FileHandler' driver.
INFO - 2023-08-15 06:45:24 --> Session: Class initialized using 'CodeIgniter\Session\Handlers\FileHandler' driver.
INFO - 2023-08-15 06:45:32 --> Session: Class initialized using 'CodeIgniter\Session\Handlers\FileHandler' driver.
INFO - 2023-08-15 06:45:33 --> Session: Class initialized using 'CodeIgniter\Session\Handlers\FileHandler' driver.
INFO - 2023-08-15 06:45:42 --> Session: Class initialized using 'CodeIgniter\Session\Handlers\FileHandler' driver.
INFO - 2023-08-15 06:45:43 --> Session: Class initialized using 'CodeIgniter\Session\Handlers\FileHandler' driver.
INFO - 2023-08-15 06:50:07 --> Session: Class initialized using 'CodeIgniter\Session\Handlers\FileHandler' driver.
INFO - 2023-08-15 06:50:13 --> Session: Class initialized using 'CodeIgniter\Session\Handlers\FileHandler' driver.
INFO - 2023-08-15 06:50:15 --> Session: Class initialized using 'CodeIgniter\Session\Handlers\FileHandler' driver.
INFO - 2023-08-15 06:51:19 --> Session: Class initialized using 'CodeIgniter\Session\Handlers\FileHandler' driver.
INFO - 2023-08-15 06:52:05 --> Session: Class initialized using 'CodeIgniter\Session\Handlers\FileHandler' driver.
INFO - 2023-08-15 06:52:45 --> Session: Class initialized using 'CodeIgniter\Session\Handlers\FileHandler' driver.
INFO - 2023-08-15 07:07:17 --> Session: Class initialized using 'CodeIgniter\Session\Handlers\FileHandler' driver.
CRITICAL - 2023-08-15 07:07:17 --> Undefined index: user_role
in APPPATH\Controllers\Home.php on line 32.
 1 APPPATH\Controllers\Home.php(32): CodeIgniter\Debug\Exceptions->errorHandler(8, 'Undefined index: user_role', 'APPPATH\\Controllers\\Home.php', 32, [...])
 2 SYSTEMPATH\CodeIgniter.php(934): App\Controllers\Home->index()
 3 SYSTEMPATH\CodeIgniter.php(499): CodeIgniter\CodeIgniter->runController(Object(App\Controllers\Home))
 4 SYSTEMPATH\CodeIgniter.php(368): CodeIgniter\CodeIgniter->handleRequest(null, Object(Config\Cache), false)
 5 FCPATH\index.php(67): CodeIgniter\CodeIgniter->run()
INFO - 2023-08-15 07:08:38 --> Session: Class initialized using 'CodeIgniter\Session\Handlers\FileHandler' driver.
INFO - 2023-08-15 07:08:42 --> Session: Class initialized using 'CodeIgniter\Session\Handlers\FileHandler' driver.
INFO - 2023-08-15 07:08:43 --> Session: Class initialized using 'CodeIgniter\Session\Handlers\FileHandler' driver.
CRITICAL - 2023-08-15 07:08:43 --> Undefined index: user_role
in APPPATH\Controllers\Home.php on line 32.
 1 APPPATH\Controllers\Home.php(32): CodeIgniter\Debug\Exceptions->errorHandler(8, 'Undefined index: user_role', 'APPPATH\\Controllers\\Home.php', 32, [...])
 2 SYSTEMPATH\CodeIgniter.php(934): App\Controllers\Home->index()
 3 SYSTEMPATH\CodeIgniter.php(499): CodeIgniter\CodeIgniter->runController(Object(App\Controllers\Home))
 4 SYSTEMPATH\CodeIgniter.php(368): CodeIgniter\CodeIgniter->handleRequest(null, Object(Config\Cache), false)
 5 FCPATH\index.php(67): CodeIgniter\CodeIgniter->run()
INFO - 2023-08-15 07:09:10 --> Session: Class initialized using 'CodeIgniter\Session\Handlers\FileHandler' driver.
CRITICAL - 2023-08-15 07:09:10 --> Undefined index: user_role
in APPPATH\Controllers\Home.php on line 32.
 1 APPPATH\Controllers\Home.php(32): CodeIgniter\Debug\Exceptions->errorHandler(8, 'Undefined index: user_role', 'APPPATH\\Controllers\\Home.php', 32, [...])
 2 SYSTEMPATH\CodeIgniter.php(934): App\Controllers\Home->index()
 3 SYSTEMPATH\CodeIgniter.php(499): CodeIgniter\CodeIgniter->runController(Object(App\Controllers\Home))
 4 SYSTEMPATH\CodeIgniter.php(368): CodeIgniter\CodeIgniter->handleRequest(null, Object(Config\Cache), false)
 5 FCPATH\index.php(67): CodeIgniter\CodeIgniter->run()
INFO - 2023-08-15 07:09:13 --> Session: Class initialized using 'CodeIgniter\Session\Handlers\FileHandler' driver.
INFO - 2023-08-15 07:09:16 --> Session: Class initialized using 'CodeIgniter\Session\Handlers\FileHandler' driver.
INFO - 2023-08-15 07:09:17 --> Session: Class initialized using 'CodeIgniter\Session\Handlers\FileHandler' driver.
INFO - 2023-08-15 07:10:58 --> Session: Class initialized using 'CodeIgniter\Session\Handlers\FileHandler' driver.
INFO - 2023-08-15 07:12:23 --> Session: Class initialized using 'CodeIgniter\Session\Handlers\FileHandler' driver.
INFO - 2023-08-15 07:17:21 --> Session: Class initialized using 'CodeIgniter\Session\Handlers\FileHandler' driver.
INFO - 2023-08-15 07:27:17 --> Session: Class initialized using 'CodeIgniter\Session\Handlers\FileHandler' driver.
CRITICAL - 2023-08-15 07:27:17 --> Undefined variable: user_role
in APPPATH\Views\templates\header.php on line 41.
 1 APPPATH\Views\templates\header.php(41): CodeIgniter\Debug\Exceptions->errorHandler(8, 'Undefined variable: user_role', 'APPPATH\\Views\\templates\\header.php', 41, [...])
 2 SYSTEMPATH\View\View.php(213): include('APPPATH\\Views\\templates\\header.php')
 3 SYSTEMPATH\View\View.php(216): CodeIgniter\View\View->CodeIgniter\View\{closure}()
 4 SYSTEMPATH\Common.php(1177): CodeIgniter\View\View->render('templates/header', [], true)
 5 APPPATH\Controllers\Employee.php(56): view('templates/header', [...])
 6 SYSTEMPATH\CodeIgniter.php(934): App\Controllers\Employee->index()
 7 SYSTEMPATH\CodeIgniter.php(499): CodeIgniter\CodeIgniter->runController(Object(App\Controllers\Employee))
 8 SYSTEMPATH\CodeIgniter.php(368): CodeIgniter\CodeIgniter->handleRequest(null, Object(Config\Cache), false)
 9 FCPATH\index.php(67): CodeIgniter\CodeIgniter->run()
INFO - 2023-08-15 07:39:30 --> Session: Class initialized using 'CodeIgniter\Session\Handlers\FileHandler' driver.
CRITICAL - 2023-08-15 07:39:30 --> Undefined variable: user_role
in APPPATH\Views\templates\header.php on line 41.
 1 APPPATH\Views\templates\header.php(41): CodeIgniter\Debug\Exceptions->errorHandler(8, 'Undefined variable: user_role', 'APPPATH\\Views\\templates\\header.php', 41, [...])
 2 SYSTEMPATH\View\View.php(213): include('APPPATH\\Views\\templates\\header.php')
 3 SYSTEMPATH\View\View.php(216): CodeIgniter\View\View->CodeIgniter\View\{closure}()
 4 SYSTEMPATH\Common.php(1177): CodeIgniter\View\View->render('templates/header', [], true)
 5 APPPATH\Controllers\Employee.php(56): view('templates/header', [...])
 6 SYSTEMPATH\CodeIgniter.php(934): App\Controllers\Employee->index()
 7 SYSTEMPATH\CodeIgniter.php(499): CodeIgniter\CodeIgniter->runController(Object(App\Controllers\Employee))
 8 SYSTEMPATH\CodeIgniter.php(368): CodeIgniter\CodeIgniter->handleRequest(null, Object(Config\Cache), false)
 9 FCPATH\index.php(67): CodeIgniter\CodeIgniter->run()
INFO - 2023-08-15 07:40:42 --> Session: Class initialized using 'CodeIgniter\Session\Handlers\FileHandler' driver.
INFO - 2023-08-15 07:43:57 --> Session: Class initialized using 'CodeIgniter\Session\Handlers\FileHandler' driver.
INFO - 2023-08-15 08:02:05 --> Session: Class initialized using 'CodeIgniter\Session\Handlers\FileHandler' driver.
INFO - 2023-08-15 08:02:41 --> Session: Class initialized using 'CodeIgniter\Session\Handlers\FileHandler' driver.
CRITICAL - 2023-08-15 08:02:41 --> Undefined variable: user_role
in APPPATH\Views\templates\header.php on line 41.
 1 APPPATH\Views\templates\header.php(41): CodeIgniter\Debug\Exceptions->errorHandler(8, 'Undefined variable: user_role', 'APPPATH\\Views\\templates\\header.php', 41, [...])
 2 SYSTEMPATH\View\View.php(213): include('APPPATH\\Views\\templates\\header.php')
 3 SYSTEMPATH\View\View.php(216): CodeIgniter\View\View->CodeIgniter\View\{closure}()
 4 SYSTEMPATH\Common.php(1177): CodeIgniter\View\View->render('templates/header', [], true)
 5 APPPATH\Controllers\Employee.php(56): view('templates/header', [...])
 6 SYSTEMPATH\CodeIgniter.php(934): App\Controllers\Employee->index()
 7 SYSTEMPATH\CodeIgniter.php(499): CodeIgniter\CodeIgniter->runController(Object(App\Controllers\Employee))
 8 SYSTEMPATH\CodeIgniter.php(368): CodeIgniter\CodeIgniter->handleRequest(null, Object(Config\Cache), false)
 9 FCPATH\index.php(67): CodeIgniter\CodeIgniter->run()
INFO - 2023-08-15 08:02:50 --> Session: Class initialized using 'CodeIgniter\Session\Handlers\FileHandler' driver.
INFO - 2023-08-15 08:31:09 --> Session: Class initialized using 'CodeIgniter\Session\Handlers\FileHandler' driver.
CRITICAL - 2023-08-15 16:26:23 --> Constant expression contains invalid operations
in APPPATH\Controllers\Clients.php on line 27.
 1 [internal function]: CodeIgniter\Debug\Exceptions->shutdownHandler()
CRITICAL - 2023-08-15 16:34:26 --> Invalid argument supplied for foreach()
in APPPATH\Views\frontend\unitslist.php on line 7.
 1 APPPATH\Views\frontend\unitslist.php(7): CodeIgniter\Debug\Exceptions->errorHandler(2, 'Invalid argument supplied for foreach()', 'APPPATH\\Views\\frontend\\unitslist.php', 7, [...])
 2 SYSTEMPATH\View\View.php(213): include('APPPATH\\Views\\frontend\\unitslist.php')
 3 SYSTEMPATH\View\View.php(216): CodeIgniter\View\View->CodeIgniter\View\{closure}()
 4 SYSTEMPATH\Common.php(1177): CodeIgniter\View\View->render('frontend/unitslist', [], true)
 5 APPPATH\Controllers\Clients.php(121): view('frontend/unitslist', [...])
 6 SYSTEMPATH\CodeIgniter.php(934): App\Controllers\Clients->projects()
 7 SYSTEMPATH\CodeIgniter.php(499): CodeIgniter\CodeIgniter->runController(Object(App\Controllers\Clients))
 8 SYSTEMPATH\CodeIgniter.php(368): CodeIgniter\CodeIgniter->handleRequest(null, Object(Config\Cache), false)
 9 FCPATH\index.php(67): CodeIgniter\CodeIgniter->run()
CRITICAL - 2023-08-15 16:35:06 --> Invalid argument supplied for foreach()
in APPPATH\Views\frontend\unitslist.php on line 7.
 1 APPPATH\Views\frontend\unitslist.php(7): CodeIgniter\Debug\Exceptions->errorHandler(2, 'Invalid argument supplied for foreach()', 'APPPATH\\Views\\frontend\\unitslist.php', 7, [...])
 2 SYSTEMPATH\View\View.php(213): include('APPPATH\\Views\\frontend\\unitslist.php')
 3 SYSTEMPATH\View\View.php(216): CodeIgniter\View\View->CodeIgniter\View\{closure}()
 4 SYSTEMPATH\Common.php(1177): CodeIgniter\View\View->render('frontend/unitslist', [], true)
 5 APPPATH\Controllers\Clients.php(121): view('frontend/unitslist')
 6 SYSTEMPATH\CodeIgniter.php(934): App\Controllers\Clients->projects()
 7 SYSTEMPATH\CodeIgniter.php(499): CodeIgniter\CodeIgniter->runController(Object(App\Controllers\Clients))
 8 SYSTEMPATH\CodeIgniter.php(368): CodeIgniter\CodeIgniter->handleRequest(null, Object(Config\Cache), false)
 9 FCPATH\index.php(67): CodeIgniter\CodeIgniter->run()
INFO - 2023-08-15 16:35:35 --> Session: Class initialized using 'CodeIgniter\Session\Handlers\FileHandler' driver.
CRITICAL - 2023-08-15 16:35:35 --> Undefined variable: unit
in APPPATH\Views\frontend\unitslist.php on line 7.
 1 APPPATH\Views\frontend\unitslist.php(7): CodeIgniter\Debug\Exceptions->errorHandler(8, 'Undefined variable: unit', 'APPPATH\\Views\\frontend\\unitslist.php', 7, [...])
 2 SYSTEMPATH\View\View.php(213): include('APPPATH\\Views\\frontend\\unitslist.php')
 3 SYSTEMPATH\View\View.php(216): CodeIgniter\View\View->CodeIgniter\View\{closure}()
 4 SYSTEMPATH\Common.php(1177): CodeIgniter\View\View->render('frontend/unitslist', [], true)
 5 APPPATH\Controllers\Clients.php(121): view('frontend/unitslist')
 6 SYSTEMPATH\CodeIgniter.php(934): App\Controllers\Clients->projects()
 7 SYSTEMPATH\CodeIgniter.php(499): CodeIgniter\CodeIgniter->runController(Object(App\Controllers\Clients))
 8 SYSTEMPATH\CodeIgniter.php(368): CodeIgniter\CodeIgniter->handleRequest(null, Object(Config\Cache), false)
 9 FCPATH\index.php(67): CodeIgniter\CodeIgniter->run()
INFO - 2023-08-15 16:37:50 --> Session: Class initialized using 'CodeIgniter\Session\Handlers\FileHandler' driver.
CRITICAL - 2023-08-15 16:37:50 --> syntax error, unexpected 'endforeach' (T_ENDFOREACH), expecting end of file
in APPPATH\Views\frontend\unitslist.php on line 38.
 1 SYSTEMPATH\View\View.php(216): CodeIgniter\View\View->CodeIgniter\View\{closure}()
 2 SYSTEMPATH\Common.php(1177): CodeIgniter\View\View->render('frontend/unitslist', [], true)
 3 APPPATH\Controllers\Clients.php(121): view('frontend/unitslist')
 4 SYSTEMPATH\CodeIgniter.php(934): App\Controllers\Clients->projects()
 5 SYSTEMPATH\CodeIgniter.php(499): CodeIgniter\CodeIgniter->runController(Object(App\Controllers\Clients))
 6 SYSTEMPATH\CodeIgniter.php(368): CodeIgniter\CodeIgniter->handleRequest(null, Object(Config\Cache), false)
 7 FCPATH\index.php(67): CodeIgniter\CodeIgniter->run()
INFO - 2023-08-15 16:38:13 --> Session: Class initialized using 'CodeIgniter\Session\Handlers\FileHandler' driver.
CRITICAL - 2023-08-15 16:38:13 --> Undefined variable: url
in APPPATH\Views\frontend\unitslist.php on line 20.
 1 APPPATH\Views\frontend\unitslist.php(20): CodeIgniter\Debug\Exceptions->errorHandler(8, 'Undefined variable: url', 'APPPATH\\Views\\frontend\\unitslist.php', 20, [...])
 2 SYSTEMPATH\View\View.php(213): include('APPPATH\\Views\\frontend\\unitslist.php')
 3 SYSTEMPATH\View\View.php(216): CodeIgniter\View\View->CodeIgniter\View\{closure}()
 4 SYSTEMPATH\Common.php(1177): CodeIgniter\View\View->render('frontend/unitslist', [], true)
 5 APPPATH\Controllers\Clients.php(121): view('frontend/unitslist')
 6 SYSTEMPATH\CodeIgniter.php(934): App\Controllers\Clients->projects()
 7 SYSTEMPATH\CodeIgniter.php(499): CodeIgniter\CodeIgniter->runController(Object(App\Controllers\Clients))
 8 SYSTEMPATH\CodeIgniter.php(368): CodeIgniter\CodeIgniter->handleRequest(null, Object(Config\Cache), false)
 9 FCPATH\index.php(67): CodeIgniter\CodeIgniter->run()
INFO - 2023-08-15 16:38:31 --> Session: Class initialized using 'CodeIgniter\Session\Handlers\FileHandler' driver.
INFO - 2023-08-15 16:39:22 --> Session: Class initialized using 'CodeIgniter\Session\Handlers\FileHandler' driver.
INFO - 2023-08-15 16:40:07 --> Session: Class initialized using 'CodeIgniter\Session\Handlers\FileHandler' driver.
INFO - 2023-08-15 16:41:30 --> Session: Class initialized using 'CodeIgniter\Session\Handlers\FileHandler' driver.
INFO - 2023-08-15 16:41:46 --> Session: Class initialized using 'CodeIgniter\Session\Handlers\FileHandler' driver.
INFO - 2023-08-15 16:41:53 --> Session: Class initialized using 'CodeIgniter\Session\Handlers\FileHandler' driver.
INFO - 2023-08-15 16:42:44 --> Session: Class initialized using 'CodeIgniter\Session\Handlers\FileHandler' driver.
INFO - 2023-08-15 16:42:52 --> Session: Class initialized using 'CodeIgniter\Session\Handlers\FileHandler' driver.
INFO - 2023-08-15 16:42:56 --> Session: Class initialized using 'CodeIgniter\Session\Handlers\FileHandler' driver.
INFO - 2023-08-15 16:43:00 --> Session: Class initialized using 'CodeIgniter\Session\Handlers\FileHandler' driver.
CRITICAL - 2023-08-15 22:13:00 --> Undefined variable: user_role
in APPPATH\Views\templates\header.php on line 41.
 1 APPPATH\Views\templates\header.php(41): CodeIgniter\Debug\Exceptions->errorHandler(8, 'Undefined variable: user_role', 'APPPATH\\Views\\templates\\header.php', 41, [...])
 2 SYSTEMPATH\View\View.php(213): include('APPPATH\\Views\\templates\\header.php')
 3 SYSTEMPATH\View\View.php(216): CodeIgniter\View\View->CodeIgniter\View\{closure}()
 4 SYSTEMPATH\Common.php(1177): CodeIgniter\View\View->render('templates/header', [], true)
 5 APPPATH\Controllers\transaction.php(55): view('templates/header', [...])
 6 SYSTEMPATH\CodeIgniter.php(934): App\Controllers\Transaction->index()
 7 SYSTEMPATH\CodeIgniter.php(499): CodeIgniter\CodeIgniter->runController(Object(App\Controllers\Transaction))
 8 SYSTEMPATH\CodeIgniter.php(368): CodeIgniter\CodeIgniter->handleRequest(null, Object(Config\Cache), false)
 9 FCPATH\index.php(67): CodeIgniter\CodeIgniter->run()
INFO - 2023-08-15 16:45:26 --> Session: Class initialized using 'CodeIgniter\Session\Handlers\FileHandler' driver.
INFO - 2023-08-15 16:45:45 --> Session: Class initialized using 'CodeIgniter\Session\Handlers\FileHandler' driver.
ERROR - 2023-08-15 22:15:46 --> mysqli_sql_exception: Table 'db_sec_app.tbl_client' doesn't exist in C:\wamp64\www\manage-app\system\Database\MySQLi\Connection.php:295
Stack trace:
#0 C:\wamp64\www\manage-app\system\Database\MySQLi\Connection.php(295): mysqli->query('SELECT `first_n...', 0)
#1 C:\wamp64\www\manage-app\system\Database\BaseConnection.php(691): CodeIgniter\Database\MySQLi\Connection->execute('SELECT `first_n...')
#2 C:\wamp64\www\manage-app\system\Database\BaseConnection.php(605): CodeIgniter\Database\BaseConnection->simpleQuery('SELECT `first_n...')
#3 C:\wamp64\www\manage-app\system\Database\BaseBuilder.php(1602): CodeIgniter\Database\BaseConnection->query('SELECT `first_n...', Array, false)
#4 C:\wamp64\www\manage-app\app\Models\Payroll_model.php(46): CodeIgniter\Database\BaseBuilder->get()
#5 C:\wamp64\www\manage-app\app\Controllers\Payroll.php(41): App\Models\Payroll_model->get_all_lists()
#6 C:\wamp64\www\manage-app\system\CodeIgniter.php(934): App\Controllers\Payroll->index()
#7 C:\wamp64\www\manage-app\system\CodeIgniter.php(499): CodeIgniter\CodeIgniter->runController(Object(App\Controllers\Payroll))
#8 C:\wamp64\www\manage-app\system\CodeIgniter.php(368): CodeIgniter\CodeIgniter->handleRequest(NULL, Object(Config\Cache), false)
#9 C:\wamp64\www\manage-app\index.php(67): CodeIgniter\CodeIgniter->run()
#10 {main}
CRITICAL - 2023-08-15 22:15:46 --> Table 'db_sec_app.tbl_client' doesn't exist
in SYSTEMPATH\Database\BaseConnection.php on line 645.
 1 SYSTEMPATH\Database\BaseBuilder.php(1602): CodeIgniter\Database\BaseConnection->query('SELECT `first_name`, `last_name`, `name`, `salary`, GROUP_CONCAT(if(DAY(`Date`) = 1, `shift`, NULL)) AS day1, GROUP_CONCAT(if(DAY(`Date`) = 2, `shift`, NULL)) AS day2, GROUP_CONCAT(if(DAY(`Date`) = 3, `shift`, NULL)) AS day3, GROUP_CONCAT(if(DAY(`Date`) = 4, `shift`, NULL)) AS day4, GROUP_CONCAT(if(DAY(`Date`) = 5, `shift`, NULL)) AS day5, GROUP_CONCAT(if(DAY(`Date`) = 6, `shift`, NULL)) AS day6, GROUP_CONCAT(if(DAY(`Date`) = 7, `shift`, NULL)) AS day7, GROUP_CONCAT(if(DAY(`Date`) = 8, `shift`, NULL)) AS day8, GROUP_CONCAT(if(DAY(`Date`) = 9, `shift`, NULL)) AS day9, GROUP_CONCAT(if(DAY(`Date`) = 10, `shift`, NULL)) AS day10, GROUP_CONCAT(if(DAY(`Date`) = 11, `shift`, NULL)) AS day11, GROUP_CONCAT(if(DAY(`Date`) = 12, `shift`, NULL)) AS day12, GROUP_CONCAT(if(DAY(`Date`) = 13, `shift`, NULL)) AS day13, GROUP_CONCAT(if(DAY(`Date`) = 14, `shift`, NULL)) AS day14, GROUP_CONCAT(if(DAY(`Date`) = 15, `shift`, NULL)) AS day15, GROUP_CONCAT(if(DAY(`Date`) = 16, `shift`, NULL)) AS day16, GROUP_CONCAT(if(DAY(`Date`) = 17, `shift`, NULL)) AS day17, GROUP_CONCAT(if(DAY(`Date`) = 18, `shift`, NULL)) AS day18, GROUP_CONCAT(if(DAY(`Date`) = 19, `shift`, NULL)) AS day19, GROUP_CONCAT(if(DAY(`Date`) = 20, `shift`, NULL)) AS day20, GROUP_CONCAT(if(DAY(`Date`) = 21, `shift`, NULL)) AS day21, GROUP_CONCAT(if(DAY(`Date`) = 22, `shift`, NULL)) AS day22, GROUP_CONCAT(if(DAY(`Date`) = 23, `shift`, NULL)) AS day23, GROUP_CONCAT(if(DAY(`Date`) = 24, `shift`, NULL)) AS day24, GROUP_CONCAT(if(DAY(`Date`) = 25, `shift`, NULL)) AS day25, GROUP_CONCAT(if(DAY(`Date`) = 26, `shift`, NULL)) AS day26, GROUP_CONCAT(if(DAY(`Date`) = 27, `shift`, NULL)) AS day27, GROUP_CONCAT(if(DAY(`Date`) = 28, `shift`, NULL)) AS day28, GROUP_CONCAT(if(DAY(`Date`) = 29, `shift`, NULL)) AS day29, GROUP_CONCAT(if(DAY(`Date`) = 30, `shift`, NULL)) AS day30, GROUP_CONCAT(if(DAY(`Date`) = 31, `shift`, NULL)) AS day31
FROM `emp_attendance`
JOIN `employee` ON `employee`.`id` = `employee_attendence`.`empid`
JOIN `tbl_client` ON `tbl_client`.`id`=`employee_attendence`.`client_id`
JOIN `employee_map_client` ON `employee_map_client`.`empid` = `employee_attendence`.`empid`
WHERE MONTH(Date) = :MONTH(Date):
GROUP BY `employee_attendence`.`empid`', [...], false)
 2 APPPATH\Models\Payroll_model.php(46): CodeIgniter\Database\BaseBuilder->get()
 3 APPPATH\Controllers\Payroll.php(41): App\Models\Payroll_model->get_all_lists()
 4 SYSTEMPATH\CodeIgniter.php(934): App\Controllers\Payroll->index()
 5 SYSTEMPATH\CodeIgniter.php(499): CodeIgniter\CodeIgniter->runController(Object(App\Controllers\Payroll))
 6 SYSTEMPATH\CodeIgniter.php(368): CodeIgniter\CodeIgniter->handleRequest(null, Object(Config\Cache), false)
 7 FCPATH\index.php(67): CodeIgniter\CodeIgniter->run()
INFO - 2023-08-15 16:47:45 --> Session: Class initialized using 'CodeIgniter\Session\Handlers\FileHandler' driver.
ERROR - 2023-08-15 22:17:45 --> mysqli_sql_exception: Table 'db_sec_app.tbl_client' doesn't exist in C:\wamp64\www\manage-app\system\Database\MySQLi\Connection.php:295
Stack trace:
#0 C:\wamp64\www\manage-app\system\Database\MySQLi\Connection.php(295): mysqli->query('SELECT `first_n...', 0)
#1 C:\wamp64\www\manage-app\system\Database\BaseConnection.php(691): CodeIgniter\Database\MySQLi\Connection->execute('SELECT `first_n...')
#2 C:\wamp64\www\manage-app\system\Database\BaseConnection.php(605): CodeIgniter\Database\BaseConnection->simpleQuery('SELECT `first_n...')
#3 C:\wamp64\www\manage-app\system\Database\BaseBuilder.php(1602): CodeIgniter\Database\BaseConnection->query('SELECT `first_n...', Array, false)
#4 C:\wamp64\www\manage-app\app\Models\Payroll_model.php(46): CodeIgniter\Database\BaseBuilder->get()
#5 C:\wamp64\www\manage-app\app\Controllers\Payroll.php(43): App\Models\Payroll_model->get_all_lists()
#6 C:\wamp64\www\manage-app\system\CodeIgniter.php(934): App\Controllers\Payroll->index()
#7 C:\wamp64\www\manage-app\system\CodeIgniter.php(499): CodeIgniter\CodeIgniter->runController(Object(App\Controllers\Payroll))
#8 C:\wamp64\www\manage-app\system\CodeIgniter.php(368): CodeIgniter\CodeIgniter->handleRequest(NULL, Object(Config\Cache), false)
#9 C:\wamp64\www\manage-app\index.php(67): CodeIgniter\CodeIgniter->run()
#10 {main}
CRITICAL - 2023-08-15 22:17:45 --> Table 'db_sec_app.tbl_client' doesn't exist
in SYSTEMPATH\Database\BaseConnection.php on line 645.
 1 SYSTEMPATH\Database\BaseBuilder.php(1602): CodeIgniter\Database\BaseConnection->query('SELECT `first_name`, `last_name`, `name`, `salary`, GROUP_CONCAT(if(DAY(`Date`) = 1, `shift`, NULL)) AS day1, GROUP_CONCAT(if(DAY(`Date`) = 2, `shift`, NULL)) AS day2, GROUP_CONCAT(if(DAY(`Date`) = 3, `shift`, NULL)) AS day3, GROUP_CONCAT(if(DAY(`Date`) = 4, `shift`, NULL)) AS day4, GROUP_CONCAT(if(DAY(`Date`) = 5, `shift`, NULL)) AS day5, GROUP_CONCAT(if(DAY(`Date`) = 6, `shift`, NULL)) AS day6, GROUP_CONCAT(if(DAY(`Date`) = 7, `shift`, NULL)) AS day7, GROUP_CONCAT(if(DAY(`Date`) = 8, `shift`, NULL)) AS day8, GROUP_CONCAT(if(DAY(`Date`) = 9, `shift`, NULL)) AS day9, GROUP_CONCAT(if(DAY(`Date`) = 10, `shift`, NULL)) AS day10, GROUP_CONCAT(if(DAY(`Date`) = 11, `shift`, NULL)) AS day11, GROUP_CONCAT(if(DAY(`Date`) = 12, `shift`, NULL)) AS day12, GROUP_CONCAT(if(DAY(`Date`) = 13, `shift`, NULL)) AS day13, GROUP_CONCAT(if(DAY(`Date`) = 14, `shift`, NULL)) AS day14, GROUP_CONCAT(if(DAY(`Date`) = 15, `shift`, NULL)) AS day15, GROUP_CONCAT(if(DAY(`Date`) = 16, `shift`, NULL)) AS day16, GROUP_CONCAT(if(DAY(`Date`) = 17, `shift`, NULL)) AS day17, GROUP_CONCAT(if(DAY(`Date`) = 18, `shift`, NULL)) AS day18, GROUP_CONCAT(if(DAY(`Date`) = 19, `shift`, NULL)) AS day19, GROUP_CONCAT(if(DAY(`Date`) = 20, `shift`, NULL)) AS day20, GROUP_CONCAT(if(DAY(`Date`) = 21, `shift`, NULL)) AS day21, GROUP_CONCAT(if(DAY(`Date`) = 22, `shift`, NULL)) AS day22, GROUP_CONCAT(if(DAY(`Date`) = 23, `shift`, NULL)) AS day23, GROUP_CONCAT(if(DAY(`Date`) = 24, `shift`, NULL)) AS day24, GROUP_CONCAT(if(DAY(`Date`) = 25, `shift`, NULL)) AS day25, GROUP_CONCAT(if(DAY(`Date`) = 26, `shift`, NULL)) AS day26, GROUP_CONCAT(if(DAY(`Date`) = 27, `shift`, NULL)) AS day27, GROUP_CONCAT(if(DAY(`Date`) = 28, `shift`, NULL)) AS day28, GROUP_CONCAT(if(DAY(`Date`) = 29, `shift`, NULL)) AS day29, GROUP_CONCAT(if(DAY(`Date`) = 30, `shift`, NULL)) AS day30, GROUP_CONCAT(if(DAY(`Date`) = 31, `shift`, NULL)) AS day31
FROM `emp_attendance`
JOIN `employee` ON `employee`.`id` = `employee_attendence`.`empid`
JOIN `tbl_client` ON `tbl_client`.`id`=`employee_attendence`.`client_id`
JOIN `employee_map_client` ON `employee_map_client`.`empid` = `employee_attendence`.`empid`
WHERE MONTH(Date) = :MONTH(Date):
GROUP BY `employee_attendence`.`empid`', [...], false)
 2 APPPATH\Models\Payroll_model.php(46): CodeIgniter\Database\BaseBuilder->get()
 3 APPPATH\Controllers\Payroll.php(43): App\Models\Payroll_model->get_all_lists()
 4 SYSTEMPATH\CodeIgniter.php(934): App\Controllers\Payroll->index()
 5 SYSTEMPATH\CodeIgniter.php(499): CodeIgniter\CodeIgniter->runController(Object(App\Controllers\Payroll))
 6 SYSTEMPATH\CodeIgniter.php(368): CodeIgniter\CodeIgniter->handleRequest(null, Object(Config\Cache), false)
 7 FCPATH\index.php(67): CodeIgniter\CodeIgniter->run()
INFO - 2023-08-15 20:24:16 --> Session: Class initialized using 'CodeIgniter\Session\Handlers\FileHandler' driver.
INFO - 2023-08-15 20:24:32 --> Session: Class initialized using 'CodeIgniter\Session\Handlers\FileHandler' driver.
CRITICAL - 2023-08-15 20:24:32 --> Trying to access array offset on value of type null
in APPPATH\Controllers\Payroll.php on line 38.
 1 APPPATH\Controllers\Payroll.php(38): CodeIgniter\Debug\Exceptions->errorHandler(8, 'Trying to access array offset on value of type null', 'APPPATH\\Controllers\\Payroll.php', 38, [...])
 2 SYSTEMPATH\CodeIgniter.php(934): App\Controllers\Payroll->index()
 3 SYSTEMPATH\CodeIgniter.php(499): CodeIgniter\CodeIgniter->runController(Object(App\Controllers\Payroll))
 4 SYSTEMPATH\CodeIgniter.php(368): CodeIgniter\CodeIgniter->handleRequest(null, Object(Config\Cache), false)
 5 FCPATH\index.php(67): CodeIgniter\CodeIgniter->run()
INFO - 2023-08-15 20:24:49 --> Session: Class initialized using 'CodeIgniter\Session\Handlers\FileHandler' driver.
CRITICAL - 2023-08-15 20:24:49 --> Trying to access array offset on value of type null
in APPPATH\Controllers\Payroll.php on line 38.
 1 APPPATH\Controllers\Payroll.php(38): CodeIgniter\Debug\Exceptions->errorHandler(8, 'Trying to access array offset on value of type null', 'APPPATH\\Controllers\\Payroll.php', 38, [...])
 2 SYSTEMPATH\CodeIgniter.php(934): App\Controllers\Payroll->index()
 3 SYSTEMPATH\CodeIgniter.php(499): CodeIgniter\CodeIgniter->runController(Object(App\Controllers\Payroll))
 4 SYSTEMPATH\CodeIgniter.php(368): CodeIgniter\CodeIgniter->handleRequest(null, Object(Config\Cache), false)
 5 FCPATH\index.php(67): CodeIgniter\CodeIgniter->run()
INFO - 2023-08-15 20:25:07 --> Session: Class initialized using 'CodeIgniter\Session\Handlers\FileHandler' driver.
INFO - 2023-08-15 20:25:12 --> Session: Class initialized using 'CodeIgniter\Session\Handlers\FileHandler' driver.
INFO - 2023-08-15 20:25:13 --> Session: Class initialized using 'CodeIgniter\Session\Handlers\FileHandler' driver.
INFO - 2023-08-15 20:25:30 --> Session: Class initialized using 'CodeIgniter\Session\Handlers\FileHandler' driver.
INFO - 2023-08-15 20:25:31 --> Session: Class initialized using 'CodeIgniter\Session\Handlers\FileHandler' driver.
INFO - 2023-08-15 20:25:46 --> Session: Class initialized using 'CodeIgniter\Session\Handlers\FileHandler' driver.
CRITICAL - 2023-08-15 20:25:46 --> Trying to access array offset on value of type null
in APPPATH\Controllers\Payroll.php on line 38.
 1 APPPATH\Controllers\Payroll.php(38): CodeIgniter\Debug\Exceptions->errorHandler(8, 'Trying to access array offset on value of type null', 'APPPATH\\Controllers\\Payroll.php', 38, [...])
 2 SYSTEMPATH\CodeIgniter.php(934): App\Controllers\Payroll->index()
 3 SYSTEMPATH\CodeIgniter.php(499): CodeIgniter\CodeIgniter->runController(Object(App\Controllers\Payroll))
 4 SYSTEMPATH\CodeIgniter.php(368): CodeIgniter\CodeIgniter->handleRequest(null, Object(Config\Cache), false)
 5 FCPATH\index.php(67): CodeIgniter\CodeIgniter->run()
INFO - 2023-08-15 20:27:09 --> Session: Class initialized using 'CodeIgniter\Session\Handlers\FileHandler' driver.
INFO - 2023-08-15 20:27:17 --> Session: Class initialized using 'CodeIgniter\Session\Handlers\FileHandler' driver.
INFO - 2023-08-15 20:28:11 --> Session: Class initialized using 'CodeIgniter\Session\Handlers\FileHandler' driver.
INFO - 2023-08-15 20:28:36 --> Session: Class initialized using 'CodeIgniter\Session\Handlers\FileHandler' driver.
CRITICAL - 2023-08-15 20:28:37 --> The route for "/login" cannot be found.
in SYSTEMPATH\HTTP\RedirectResponse.php on line 60.
 1 SYSTEMPATH\HTTP\RedirectResponse.php(60): CodeIgniter\HTTP\Exceptions\HTTPException::forInvalidRedirectRoute('/login')
 2 SYSTEMPATH\Common.php(869): CodeIgniter\HTTP\RedirectResponse->route(false)
 3 APPPATH\Controllers\Payroll.php(48): redirect('/login')
 4 SYSTEMPATH\CodeIgniter.php(934): App\Controllers\Payroll->index()
 5 SYSTEMPATH\CodeIgniter.php(499): CodeIgniter\CodeIgniter->runController(Object(App\Controllers\Payroll))
 6 SYSTEMPATH\CodeIgniter.php(368): CodeIgniter\CodeIgniter->handleRequest(null, Object(Config\Cache), false)
 7 FCPATH\index.php(67): CodeIgniter\CodeIgniter->run()
INFO - 2023-08-15 20:28:45 --> Session: Class initialized using 'CodeIgniter\Session\Handlers\FileHandler' driver.
INFO - 2023-08-15 20:28:50 --> Session: Class initialized using 'CodeIgniter\Session\Handlers\FileHandler' driver.
CRITICAL - 2023-08-15 20:28:50 --> The route for "/login" cannot be found.
in SYSTEMPATH\HTTP\RedirectResponse.php on line 60.
 1 SYSTEMPATH\HTTP\RedirectResponse.php(60): CodeIgniter\HTTP\Exceptions\HTTPException::forInvalidRedirectRoute('/login')
 2 SYSTEMPATH\Common.php(869): CodeIgniter\HTTP\RedirectResponse->route(false)
 3 APPPATH\Controllers\Payroll.php(48): redirect('/login')
 4 SYSTEMPATH\CodeIgniter.php(934): App\Controllers\Payroll->index()
 5 SYSTEMPATH\CodeIgniter.php(499): CodeIgniter\CodeIgniter->runController(Object(App\Controllers\Payroll))
 6 SYSTEMPATH\CodeIgniter.php(368): CodeIgniter\CodeIgniter->handleRequest(null, Object(Config\Cache), false)
 7 FCPATH\index.php(67): CodeIgniter\CodeIgniter->run()
INFO - 2023-08-15 20:29:27 --> Session: Class initialized using 'CodeIgniter\Session\Handlers\FileHandler' driver.
CRITICAL - 2023-08-15 20:29:27 --> The route for "\login" cannot be found.
in SYSTEMPATH\HTTP\RedirectResponse.php on line 60.
 1 SYSTEMPATH\HTTP\RedirectResponse.php(60): CodeIgniter\HTTP\Exceptions\HTTPException::forInvalidRedirectRoute('\\login')
 2 SYSTEMPATH\Common.php(869): CodeIgniter\HTTP\RedirectResponse->route(false)
 3 APPPATH\Controllers\Payroll.php(48): redirect('\\login')
 4 SYSTEMPATH\CodeIgniter.php(934): App\Controllers\Payroll->index()
 5 SYSTEMPATH\CodeIgniter.php(499): CodeIgniter\CodeIgniter->runController(Object(App\Controllers\Payroll))
 6 SYSTEMPATH\CodeIgniter.php(368): CodeIgniter\CodeIgniter->handleRequest(null, Object(Config\Cache), false)
 7 FCPATH\index.php(67): CodeIgniter\CodeIgniter->run()
INFO - 2023-08-15 20:30:26 --> Session: Class initialized using 'CodeIgniter\Session\Handlers\FileHandler' driver.
INFO - 2023-08-15 20:30:27 --> Session: Class initialized using 'CodeIgniter\Session\Handlers\FileHandler' driver.
INFO - 2023-08-15 20:30:36 --> Session: Class initialized using 'CodeIgniter\Session\Handlers\FileHandler' driver.
INFO - 2023-08-15 20:30:37 --> Session: Class initialized using 'CodeIgniter\Session\Handlers\FileHandler' driver.
INFO - 2023-08-15 20:30:46 --> Session: Class initialized using 'CodeIgniter\Session\Handlers\FileHandler' driver.
INFO - 2023-08-15 20:39:05 --> Session: Class initialized using 'CodeIgniter\Session\Handlers\FileHandler' driver.
INFO - 2023-08-15 20:43:53 --> Session: Class initialized using 'CodeIgniter\Session\Handlers\FileHandler' driver.
INFO - 2023-08-15 20:49:38 --> Session: Class initialized using 'CodeIgniter\Session\Handlers\FileHandler' driver.
INFO - 2023-08-15 20:51:39 --> Session: Class initialized using 'CodeIgniter\Session\Handlers\FileHandler' driver.
INFO - 2023-08-15 20:53:21 --> Session: Class initialized using 'CodeIgniter\Session\Handlers\FileHandler' driver.
