INFO - 2023-08-21 15:23:51 --> Session: Class initialized using 'CodeIgniter\Session\Handlers\FileHandler' driver.
CRITICAL - 2023-08-21 15:23:51 --> Trying to access array offset on value of type null
in APPPATH\Controllers\Clients.php on line 112.
 1 APPPATH\Controllers\Clients.php(112): CodeIgniter\Debug\Exceptions->errorHandler(8, 'Trying to access array offset on value of type null', 'APPPATH\\Controllers\\Clients.php', 112, [...])
 2 SYSTEMPATH\CodeIgniter.php(934): App\Controllers\Clients->projects()
 3 SYSTEMPATH\CodeIgniter.php(499): CodeIgniter\CodeIgniter->runController(Object(App\Controllers\Clients))
 4 SYSTEMPATH\CodeIgniter.php(368): CodeIgniter\CodeIgniter->handleRequest(null, Object(Config\Cache), false)
 5 FCPATH\index.php(67): CodeIgniter\CodeIgniter->run()
INFO - 2023-08-21 15:24:01 --> Session: Class initialized using 'CodeIgniter\Session\Handlers\FileHandler' driver.
INFO - 2023-08-21 15:24:29 --> Session: Class initialized using 'CodeIgniter\Session\Handlers\FileHandler' driver.
INFO - 2023-08-21 15:24:38 --> Session: Class initialized using 'CodeIgniter\Session\Handlers\FileHandler' driver.
INFO - 2023-08-21 15:24:43 --> Session: Class initialized using 'CodeIgniter\Session\Handlers\FileHandler' driver.
INFO - 2023-08-21 15:24:45 --> Session: Class initialized using 'CodeIgniter\Session\Handlers\FileHandler' driver.
INFO - 2023-08-21 15:25:06 --> Session: Class initialized using 'CodeIgniter\Session\Handlers\FileHandler' driver.
INFO - 2023-08-21 15:25:07 --> Session: Class initialized using 'CodeIgniter\Session\Handlers\FileHandler' driver.
INFO - 2023-08-21 15:25:21 --> Session: Class initialized using 'CodeIgniter\Session\Handlers\FileHandler' driver.
INFO - 2023-08-21 15:25:33 --> Session: Class initialized using 'CodeIgniter\Session\Handlers\FileHandler' driver.
INFO - 2023-08-21 15:25:56 --> Session: Class initialized using 'CodeIgniter\Session\Handlers\FileHandler' driver.
INFO - 2023-08-21 15:27:00 --> Session: Class initialized using 'CodeIgniter\Session\Handlers\FileHandler' driver.
INFO - 2023-08-21 15:27:00 --> Session: Class initialized using 'CodeIgniter\Session\Handlers\FileHandler' driver.
INFO - 2023-08-21 15:28:24 --> Session: Class initialized using 'CodeIgniter\Session\Handlers\FileHandler' driver.
INFO - 2023-08-21 15:28:41 --> Session: Class initialized using 'CodeIgniter\Session\Handlers\FileHandler' driver.
INFO - 2023-08-21 15:29:24 --> Session: Class initialized using 'CodeIgniter\Session\Handlers\FileHandler' driver.
INFO - 2023-08-21 15:29:57 --> Session: Class initialized using 'CodeIgniter\Session\Handlers\FileHandler' driver.
ERROR - 2023-08-21 15:29:57 --> mysqli_sql_exception: Unknown column 'status' in 'field list' in C:\wamp64\www\manage-app\system\Database\MySQLi\Connection.php:295
Stack trace:
#0 C:\wamp64\www\manage-app\system\Database\MySQLi\Connection.php(295): mysqli->query('INSERT INTO `na...', 0)
#1 C:\wamp64\www\manage-app\system\Database\BaseConnection.php(691): CodeIgniter\Database\MySQLi\Connection->execute('INSERT INTO `na...')
#2 C:\wamp64\www\manage-app\system\Database\BaseConnection.php(605): CodeIgniter\Database\BaseConnection->simpleQuery('INSERT INTO `na...')
#3 C:\wamp64\www\manage-app\system\Database\BaseBuilder.php(2295): CodeIgniter\Database\BaseConnection->query('INSERT INTO `na...', Array, false)
#4 C:\wamp64\www\manage-app\app\Models\Employee_model.php(48): CodeIgniter\Database\BaseBuilder->insert(Array)
#5 C:\wamp64\www\manage-app\app\Controllers\Employee.php(230): App\Models\Employee_model->adddata(Array)
#6 C:\wamp64\www\manage-app\app\Controllers\Employee.php(123): App\Controllers\Employee->employee_add_submit()
#7 C:\wamp64\www\manage-app\app\Controllers\Employee.php(71): App\Controllers\Employee->add_employee_data()
#8 C:\wamp64\www\manage-app\system\CodeIgniter.php(934): App\Controllers\Employee->view('add')
#9 C:\wamp64\www\manage-app\system\CodeIgniter.php(499): CodeIgniter\CodeIgniter->runController(Object(App\Controllers\Employee))
#10 C:\wamp64\www\manage-app\system\CodeIgniter.php(368): CodeIgniter\CodeIgniter->handleRequest(NULL, Object(Config\Cache), false)
#11 C:\wamp64\www\manage-app\index.php(67): CodeIgniter\CodeIgniter->run()
#12 {main}
CRITICAL - 2023-08-21 15:29:57 --> Unknown column 'status' in 'field list'
in SYSTEMPATH\Database\BaseConnection.php on line 645.
 1 SYSTEMPATH\Database\BaseBuilder.php(2295): CodeIgniter\Database\BaseConnection->query('INSERT INTO `name` (`first_name`, `last_name`, `photo`, `status`) VALUES (:first_name:, :last_name:, :photo:, :status:)', [...], false)
 2 APPPATH\Models\Employee_model.php(48): CodeIgniter\Database\BaseBuilder->insert([...])
 3 APPPATH\Controllers\Employee.php(230): App\Models\Employee_model->adddata([...])
 4 APPPATH\Controllers\Employee.php(123): App\Controllers\Employee->employee_add_submit()
 5 APPPATH\Controllers\Employee.php(71): App\Controllers\Employee->add_employee_data()
 6 SYSTEMPATH\CodeIgniter.php(934): App\Controllers\Employee->view('add')
 7 SYSTEMPATH\CodeIgniter.php(499): CodeIgniter\CodeIgniter->runController(Object(App\Controllers\Employee))
 8 SYSTEMPATH\CodeIgniter.php(368): CodeIgniter\CodeIgniter->handleRequest(null, Object(Config\Cache), false)
 9 FCPATH\index.php(67): CodeIgniter\CodeIgniter->run()
INFO - 2023-08-21 15:36:58 --> Session: Class initialized using 'CodeIgniter\Session\Handlers\FileHandler' driver.
INFO - 2023-08-21 15:37:05 --> Session: Class initialized using 'CodeIgniter\Session\Handlers\FileHandler' driver.
INFO - 2023-08-21 15:37:06 --> Session: Class initialized using 'CodeIgniter\Session\Handlers\FileHandler' driver.
INFO - 2023-08-21 15:38:01 --> Session: Class initialized using 'CodeIgniter\Session\Handlers\FileHandler' driver.
CRITICAL - 2023-08-21 15:38:01 --> Undefined variable: unit
in APPPATH\Views\frontend\unitslist.php on line 6.
 1 APPPATH\Views\frontend\unitslist.php(6): CodeIgniter\Debug\Exceptions->errorHandler(8, 'Undefined variable: unit', 'APPPATH\\Views\\frontend\\unitslist.php', 6, [...])
 2 SYSTEMPATH\View\View.php(213): include('APPPATH\\Views\\frontend\\unitslist.php')
 3 SYSTEMPATH\View\View.php(216): CodeIgniter\View\View->CodeIgniter\View\{closure}()
 4 SYSTEMPATH\Common.php(1177): CodeIgniter\View\View->render('frontend/unitslist', [], true)
 5 APPPATH\Controllers\Clients.php(123): view('frontend/unitslist')
 6 SYSTEMPATH\CodeIgniter.php(934): App\Controllers\Clients->projects()
 7 SYSTEMPATH\CodeIgniter.php(499): CodeIgniter\CodeIgniter->runController(Object(App\Controllers\Clients))
 8 SYSTEMPATH\CodeIgniter.php(368): CodeIgniter\CodeIgniter->handleRequest(null, Object(Config\Cache), false)
 9 FCPATH\index.php(67): CodeIgniter\CodeIgniter->run()
INFO - 2023-08-21 15:43:50 --> Session: Class initialized using 'CodeIgniter\Session\Handlers\FileHandler' driver.
CRITICAL - 2023-08-21 15:43:50 --> Invalid argument supplied for foreach()
in APPPATH\Views\frontend\unitslist.php on line 6.
 1 APPPATH\Views\frontend\unitslist.php(6): CodeIgniter\Debug\Exceptions->errorHandler(2, 'Invalid argument supplied for foreach()', 'APPPATH\\Views\\frontend\\unitslist.php', 6, [...])
 2 SYSTEMPATH\View\View.php(213): include('APPPATH\\Views\\frontend\\unitslist.php')
 3 SYSTEMPATH\View\View.php(216): CodeIgniter\View\View->CodeIgniter\View\{closure}()
 4 SYSTEMPATH\Common.php(1177): CodeIgniter\View\View->render('frontend/unitslist', [], true)
 5 APPPATH\Controllers\Clients.php(124): view('frontend/unitslist')
 6 SYSTEMPATH\CodeIgniter.php(934): App\Controllers\Clients->projects()
 7 SYSTEMPATH\CodeIgniter.php(499): CodeIgniter\CodeIgniter->runController(Object(App\Controllers\Clients))
 8 SYSTEMPATH\CodeIgniter.php(368): CodeIgniter\CodeIgniter->handleRequest(null, Object(Config\Cache), false)
 9 FCPATH\index.php(67): CodeIgniter\CodeIgniter->run()
INFO - 2023-08-21 15:44:21 --> Session: Class initialized using 'CodeIgniter\Session\Handlers\FileHandler' driver.
INFO - 2023-08-21 16:00:11 --> Session: Class initialized using 'CodeIgniter\Session\Handlers\FileHandler' driver.
